<?xml version="1.0" encoding="UTF-8"?>
<!-- Generated by org.testng.reporters.JUnitXMLReporter -->
<testsuite ignored="0" hostname="DESKTOP-Q4R7LVV" failures="1" tests="1" name="TC1" time="0.103" errors="0" timestamp="2023-01-07T14:29:54 IST">
  <testcase classname="com.test.TestCases.LoginTC1" name="TC1" time="0.015">
    <failure type="java.lang.NullPointerException">
      <![CDATA[java.lang.NullPointerException
at com.test.Actions.LoginAction.loginUserName(LoginAction.java:12)
at com.test.TestCases.LoginTC1.TC1(LoginTC1.java:17)
at java.base/java.util.ArrayList.forEach(ArrayList.java:1541)
... Removed 27 stack frames]]>
    </failure>
  </testcase> <!-- TC1 -->
</testsuite> <!-- TC1 -->
