<?xml version="1.0" encoding="UTF-8"?>
<testng-results ignored="0" total="4" passed="4" failed="0" skipped="0">
  <reporter-output>
  </reporter-output>
  <suite started-at="2022-11-03T15:33:11 IST" name="Suite" finished-at="2022-11-03T15:33:14 IST" duration-ms="2528">
    <groups>
    </groups>
    <test started-at="2022-11-03T15:33:11 IST" name="Test" finished-at="2022-11-03T15:33:14 IST" duration-ms="2528">
      <class name="org.Testing.testCases.TC2_OrgJsonGetMethod">
        <test-method signature="testcase()[pri:0, instance:org.Testing.testCases.TC2_OrgJsonGetMethod@52e677af]" started-at="2022-11-03T15:33:13 IST" name="testcase" finished-at="2022-11-03T15:33:14 IST" duration-ms="58" status="PASS">
          <reporter-output>
          </reporter-output>
        </test-method> <!-- testcase -->
      </class> <!-- org.Testing.testCases.TC2_OrgJsonGetMethod -->
      <class name="org.Testing.testCases.TC1_OrgJsonPostRequest">
        <test-method signature="testcase()[pri:0, instance:org.Testing.testCases.TC1_OrgJsonPostRequest@534df152]" started-at="2022-11-03T15:33:13 IST" name="testcase" finished-at="2022-11-03T15:33:13 IST" duration-ms="52" status="PASS">
          <reporter-output>
          </reporter-output>
        </test-method> <!-- testcase -->
      </class> <!-- org.Testing.testCases.TC1_OrgJsonPostRequest -->
      <class name="org.Testing.testCases.TC1_Getmethod">
        <test-method signature="testcase()[pri:0, instance:org.Testing.testCases.TC1_Getmethod@67e2d983]" started-at="2022-11-03T15:33:12 IST" name="testcase" finished-at="2022-11-03T15:33:13 IST" duration-ms="1912" status="PASS">
          <reporter-output>
          </reporter-output>
        </test-method> <!-- testcase -->
      </class> <!-- org.Testing.testCases.TC1_Getmethod -->
      <class name="org.Testing.testCases.TC1_PojoClassPostmethod">
        <test-method signature="testcase()[pri:0, instance:org.Testing.testCases.TC1_PojoClassPostmethod@35083305]" started-at="2022-11-03T15:33:14 IST" name="testcase" finished-at="2022-11-03T15:33:14 IST" duration-ms="453" status="PASS">
          <reporter-output>
          </reporter-output>
        </test-method> <!-- testcase -->
      </class> <!-- org.Testing.testCases.TC1_PojoClassPostmethod -->
    </test> <!-- Test -->
  </suite> <!-- Suite -->
</testng-results>
