<?xml version="1.0" encoding="UTF-8"?>
<!-- Generated by org.testng.reporters.JUnitXMLReporter -->
<testsuite ignored="0" hostname="DESKTOP-O6B251G" failures="0" tests="4" name="Test" time="2.528" errors="0" timestamp="2022-11-03T15:33:14 IST">
  <testcase classname="org.Testing.testCases.TC1_Getmethod" name="testcase" time="1.912"/>
  <testcase classname="org.Testing.testCases.TC1_OrgJsonPostRequest" name="testcase" time="0.052"/>
  <testcase classname="org.Testing.testCases.TC2_OrgJsonGetMethod" name="testcase" time="0.058"/>
  <testcase classname="org.Testing.testCases.TC1_PojoClassPostmethod" name="testcase" time="0.453"/>
</testsuite> <!-- Test -->
