<?xml version="1.0" encoding="UTF-8"?>
<testng-results ignored="0" total="1" passed="1" failed="0" skipped="0">
  <reporter-output>
  </reporter-output>
  <suite started-at="2022-12-30T14:28:27 IST" name="Default suite" finished-at="2022-12-30T14:28:41 IST" duration-ms="14900">
    <groups>
    </groups>
    <test started-at="2022-12-30T14:28:27 IST" name="Default test" finished-at="2022-12-30T14:28:41 IST" duration-ms="14900">
      <class name="com.testing.testcase.LoginMaqdoom">
        <test-method is-config="true" signature="launch()[pri:0, instance:com.testing.testcase.LoginMaqdoom@793f29ff]" started-at="2022-12-30T14:28:27 IST" name="launch" finished-at="2022-12-30T14:28:31 IST" duration-ms="4676" status="PASS">
          <reporter-output>
          </reporter-output>
        </test-method> <!-- launch -->
        <test-method signature="test()[pri:0, instance:com.testing.testcase.LoginMaqdoom@793f29ff]" started-at="2022-12-30T14:28:31 IST" name="test" finished-at="2022-12-30T14:28:41 IST" duration-ms="10150" status="PASS">
          <reporter-output>
          </reporter-output>
        </test-method> <!-- test -->
        <test-method is-config="true" signature="browserclose()[pri:0, instance:com.testing.testcase.LoginMaqdoom@793f29ff]" started-at="2022-12-30T14:28:41 IST" name="browserclose" finished-at="2022-12-30T14:28:41 IST" duration-ms="1" status="PASS">
          <reporter-output>
          </reporter-output>
        </test-method> <!-- browserclose -->
      </class> <!-- com.testing.testcase.LoginMaqdoom -->
    </test> <!-- Default test -->
  </suite> <!-- Default suite -->
</testng-results>
