<?xml version="1.0" encoding="UTF-8"?>
<!-- Generated by org.testng.reporters.JUnitXMLReporter -->
<testsuite ignored="0" hostname="DESKTOP-Q4R7LVV" failures="0" tests="4" name="Default test" time="10.588" errors="0" timestamp="2022-12-28T15:41:35 IST">
  <testcase classname="com.testing.testcase.DataDriven_Reading_Data_DromExcel" name="test" time="8.841"/>
  <testcase classname="com.testing.testcase.DataDriven_Reading_Data_DromExcel" name="test" time="0.001">
    <skipped/>
  </testcase> <!-- test -->
  <testcase classname="com.testing.testcase.DataDriven_Reading_Data_DromExcel" name="test" time="0.002">
    <skipped/>
  </testcase> <!-- test -->
  <testcase classname="com.testing.testcase.DataDriven_Reading_Data_DromExcel" name="test" time="0.001">
    <skipped/>
  </testcase> <!-- test -->
</testsuite> <!-- Default test -->
