<?xml version="1.0" encoding="UTF-8"?>
<testng-results ignored="0" total="1" passed="1" failed="0" skipped="0">
  <reporter-output>
  </reporter-output>
  <suite started-at="2022-11-21T15:47:54 IST" name="Default suite" finished-at="2022-11-21T15:48:39 IST" duration-ms="45210">
    <groups>
    </groups>
    <test started-at="2022-11-21T15:47:54 IST" name="Default test" finished-at="2022-11-21T15:48:39 IST" duration-ms="45210">
      <class name="org.testing.TestScript.TC1">
        <test-method is-config="true" signature="setup()[pri:0, instance:org.testing.TestScript.TC1@51c668e3]" started-at="2022-11-21T15:47:54 IST" name="setup" finished-at="2022-11-21T15:48:01 IST" duration-ms="6909" status="PASS">
          <reporter-output>
          </reporter-output>
        </test-method> <!-- setup -->
        <test-method signature="signup()[pri:0, instance:org.testing.TestScript.TC1@51c668e3]" started-at="2022-11-21T15:48:01 IST" name="signup" finished-at="2022-11-21T15:48:39 IST" duration-ms="38210" status="PASS">
          <reporter-output>
          </reporter-output>
        </test-method> <!-- signup -->
        <test-method is-config="true" signature="closebrowser()[pri:0, instance:org.testing.TestScript.TC1@51c668e3]" started-at="2022-11-21T15:48:39 IST" name="closebrowser" finished-at="2022-11-21T15:48:39 IST" duration-ms="1" status="PASS">
          <reporter-output>
          </reporter-output>
        </test-method> <!-- closebrowser -->
      </class> <!-- org.testing.TestScript.TC1 -->
    </test> <!-- Default test -->
  </suite> <!-- Default suite -->
</testng-results>
