<?xml version="1.0" encoding="UTF-8"?>
<testng-results ignored="0" total="1" passed="1" failed="0" skipped="0">
  <reporter-output>
  </reporter-output>
  <suite started-at="2022-11-15T16:54:03 IST" name="Default suite" finished-at="2022-11-15T16:54:11 IST" duration-ms="7453">
    <groups>
    </groups>
    <test started-at="2022-11-15T16:54:03 IST" name="Default test" finished-at="2022-11-15T16:54:11 IST" duration-ms="7453">
      <class name="pkg2.Scrolling_WebPage">
        <test-method signature="ScrollTo_GivenCoordinates()[pri:0, instance:pkg2.Scrolling_WebPage@242b836]" started-at="2022-11-15T16:54:03 IST" name="ScrollTo_GivenCoordinates" finished-at="2022-11-15T16:54:11 IST" duration-ms="7265" status="PASS">
          <reporter-output>
          </reporter-output>
        </test-method> <!-- ScrollTo_GivenCoordinates -->
      </class> <!-- pkg2.Scrolling_WebPage -->
    </test> <!-- Default test -->
  </suite> <!-- Default suite -->
</testng-results>
