<?xml version="1.0" encoding="UTF-8"?>
<testng-results ignored="0" total="1" passed="1" failed="0" skipped="0">
  <reporter-output>
  </reporter-output>
  <suite started-at="2022-11-03T16:25:52 IST" name="Default suite" finished-at="2022-11-03T16:25:54 IST" duration-ms="2077">
    <groups>
    </groups>
    <test started-at="2022-11-03T16:25:52 IST" name="Default test" finished-at="2022-11-03T16:25:54 IST" duration-ms="2077">
      <class name="org.Testing.testCases.TC1_Getmethod">
        <test-method signature="testcase()[pri:0, instance:org.Testing.testCases.TC1_Getmethod@7193666c]" started-at="2022-11-03T16:25:52 IST" name="testcase" finished-at="2022-11-03T16:25:54 IST" duration-ms="2015" status="PASS">
          <reporter-output>
          </reporter-output>
        </test-method> <!-- testcase -->
      </class> <!-- org.Testing.testCases.TC1_Getmethod -->
    </test> <!-- Default test -->
  </suite> <!-- Default suite -->
</testng-results>
