<?xml version="1.0" encoding="UTF-8"?>
<testng-results ignored="0" total="2" passed="2" failed="0" skipped="0">
  <reporter-output>
  </reporter-output>
  <suite started-at="2023-01-09T16:44:17 IST" name="Suite" finished-at="2023-01-09T16:45:48 IST" duration-ms="91938">
    <groups>
    </groups>
    <test started-at="2023-01-09T16:44:17 IST" name="Test" finished-at="2023-01-09T16:45:48 IST" duration-ms="91938">
      <class name="com.test.TestCases.TestCases">
        <test-method is-config="true" signature="broswerSetup()[pri:0, instance:com.test.TestCases.TestCases@229c6181]" started-at="2023-01-09T16:44:17 IST" name="broswerSetup" finished-at="2023-01-09T16:45:32 IST" duration-ms="74874" status="PASS">
          <reporter-output>
          </reporter-output>
        </test-method> <!-- broswerSetup -->
        <test-method signature="test_logIn(java.lang.String,java.lang.String)[pri:0, instance:com.test.TestCases.TestCases@229c6181]" started-at="2023-01-09T16:45:32 IST" name="test_logIn" finished-at="2023-01-09T16:45:39 IST" duration-ms="7904" status="PASS">
          <params>
            <param index="0">
              <value>
                <![CDATA[Admin]]>
              </value>
            </param>
            <param index="1">
              <value>
                <![CDATA[admin123]]>
              </value>
            </param>
          </params>
          <reporter-output>
          </reporter-output>
        </test-method> <!-- test_logIn -->
        <test-method is-config="true" signature="browserClose()[pri:0, instance:com.test.TestCases.TestCases@229c6181]" started-at="2023-01-09T16:45:39 IST" name="browserClose" finished-at="2023-01-09T16:45:40 IST" duration-ms="455" status="PASS">
          <reporter-output>
          </reporter-output>
        </test-method> <!-- browserClose -->
        <test-method is-config="true" signature="broswerSetup()[pri:0, instance:com.test.TestCases.TestCases@229c6181]" started-at="2023-01-09T16:45:40 IST" name="broswerSetup" finished-at="2023-01-09T16:45:48 IST" duration-ms="8452" status="PASS">
          <reporter-output>
          </reporter-output>
        </test-method> <!-- broswerSetup -->
        <test-method signature="test_logOut()[pri:1, instance:com.test.TestCases.TestCases@229c6181]" started-at="2023-01-09T16:45:48 IST" name="test_logOut" finished-at="2023-01-09T16:45:48 IST" duration-ms="2" status="PASS">
          <reporter-output>
          </reporter-output>
        </test-method> <!-- test_logOut -->
        <test-method is-config="true" signature="browserClose()[pri:0, instance:com.test.TestCases.TestCases@229c6181]" started-at="2023-01-09T16:45:48 IST" name="browserClose" finished-at="2023-01-09T16:45:48 IST" duration-ms="114" status="PASS">
          <reporter-output>
          </reporter-output>
        </test-method> <!-- browserClose -->
      </class> <!-- com.test.TestCases.TestCases -->
    </test> <!-- Test -->
  </suite> <!-- Suite -->
</testng-results>
